<?xml version="1.0" encoding="UTF-8"?>
<!-- Generated by org.testng.reporters.JUnitReportReporter -->
<testsuite hostname="ITPL-LTP-022" failures="0" tests="1" name="testCase.TC001_UserLoginTest" time="0.387" errors="0" timestamp="2025-01-08T17:57:34 IST" skipped="0">
  <testcase classname="testCase.TC001_UserLoginTest" name="Verify_Login" time="0.387"/>
</testsuite> <!-- testCase.TC001_UserLoginTest -->
